[21-Apr-2021 18:25:57 America/Argentina/Buenos_Aires] PHP Parse error:  syntax error, unexpected ')' in /home/c2181090/public_html/index.php on line 146
[21-Apr-2021 18:26:05 America/Argentina/Buenos_Aires] PHP Parse error:  syntax error, unexpected ')' in /home/c2181090/public_html/index.php on line 146
[21-Apr-2021 18:26:08 America/Argentina/Buenos_Aires] PHP Parse error:  syntax error, unexpected ')' in /home/c2181090/public_html/index.php on line 146
[21-Apr-2021 18:28:26 America/Argentina/Buenos_Aires] PHP Notice:  Undefined index: usuario in /home/c2181090/public_html/backend.php on line 8
[21-Apr-2021 18:28:26 America/Argentina/Buenos_Aires] PHP Notice:  Undefined index: close in /home/c2181090/public_html/backend.php on line 11
[21-Apr-2021 18:28:26 America/Argentina/Buenos_Aires] PHP Notice:  Undefined variable: company_details in /home/c2181090/public_html/backend/includes/admin_header.php on line 12
[21-Apr-2021 18:28:26 America/Argentina/Buenos_Aires] PHP Notice:  Trying to access array offset on value of type null in /home/c2181090/public_html/backend/includes/admin_header.php on line 12
[21-Apr-2021 18:28:26 America/Argentina/Buenos_Aires] PHP Notice:  Undefined variable: pagina in /home/c2181090/public_html/backend/includes/admin_header.php on line 25
[21-Apr-2021 18:28:26 America/Argentina/Buenos_Aires] PHP Notice:  Undefined variable: pagina in /home/c2181090/public_html/backend/includes/admin_header.php on line 26
[21-Apr-2021 18:28:26 America/Argentina/Buenos_Aires] PHP Notice:  Undefined index: action in /home/c2181090/public_html/backend/post.php on line 15
[21-Apr-2021 18:28:26 America/Argentina/Buenos_Aires] PHP Notice:  Undefined index: action in /home/c2181090/public_html/backend/post.php on line 31
[21-Apr-2021 18:28:26 America/Argentina/Buenos_Aires] PHP Notice:  Undefined index: action in /home/c2181090/public_html/backend/post.php on line 39
[21-Apr-2021 18:28:26 America/Argentina/Buenos_Aires] PHP Notice:  Undefined index: action in /home/c2181090/public_html/backend/post.php on line 58
[21-Apr-2021 18:28:26 America/Argentina/Buenos_Aires] PHP Notice:  Undefined index: action in /home/c2181090/public_html/backend/post.php on line 58
[21-Apr-2021 18:28:26 America/Argentina/Buenos_Aires] PHP Notice:  Undefined index: action in /home/c2181090/public_html/backend/post.php on line 74
[21-Apr-2021 18:28:26 America/Argentina/Buenos_Aires] PHP Notice:  Undefined index: action in /home/c2181090/public_html/backend/post.php on line 74
[21-Apr-2021 18:28:26 America/Argentina/Buenos_Aires] PHP Notice:  Undefined variable: estado in /home/c2181090/public_html/backend/post.php on line 81
[21-Apr-2021 18:28:26 America/Argentina/Buenos_Aires] PHP Notice:  Undefined variable: postDetails in /home/c2181090/public_html/backend/post.php on line 85
[21-Apr-2021 18:28:26 America/Argentina/Buenos_Aires] PHP Notice:  Trying to access array offset on value of type null in /home/c2181090/public_html/backend/post.php on line 85
[21-Apr-2021 18:28:26 America/Argentina/Buenos_Aires] PHP Notice:  Undefined variable: postDetails in /home/c2181090/public_html/backend/post.php on line 88
[21-Apr-2021 18:28:26 America/Argentina/Buenos_Aires] PHP Notice:  Trying to access array offset on value of type null in /home/c2181090/public_html/backend/post.php on line 88
[21-Apr-2021 18:28:26 America/Argentina/Buenos_Aires] PHP Notice:  Undefined variable: postDetails in /home/c2181090/public_html/backend/post.php on line 93
[21-Apr-2021 18:28:26 America/Argentina/Buenos_Aires] PHP Notice:  Trying to access array offset on value of type null in /home/c2181090/public_html/backend/post.php on line 93
[21-Apr-2021 18:28:26 America/Argentina/Buenos_Aires] PHP Notice:  Undefined variable: postDetails in /home/c2181090/public_html/backend/post.php on line 96
[21-Apr-2021 18:28:26 America/Argentina/Buenos_Aires] PHP Notice:  Trying to access array offset on value of type null in /home/c2181090/public_html/backend/post.php on line 96
[21-Apr-2021 18:28:26 America/Argentina/Buenos_Aires] PHP Notice:  Undefined variable: postDetails in /home/c2181090/public_html/backend/post.php on line 101
[21-Apr-2021 18:28:26 America/Argentina/Buenos_Aires] PHP Notice:  Trying to access array offset on value of type null in /home/c2181090/public_html/backend/post.php on line 101
[21-Apr-2021 18:28:26 America/Argentina/Buenos_Aires] PHP Notice:  Undefined variable: postDetails in /home/c2181090/public_html/backend/post.php on line 104
[21-Apr-2021 18:28:26 America/Argentina/Buenos_Aires] PHP Notice:  Trying to access array offset on value of type null in /home/c2181090/public_html/backend/post.php on line 104
[21-Apr-2021 18:28:26 America/Argentina/Buenos_Aires] PHP Notice:  Undefined index: action in /home/c2181090/public_html/backend/post.php on line 106
[21-Apr-2021 18:28:26 America/Argentina/Buenos_Aires] PHP Notice:  Undefined index: action in /home/c2181090/public_html/backend/post.php on line 106
[21-Apr-2021 18:28:26 America/Argentina/Buenos_Aires] PHP Notice:  Undefined index: e in /home/c2181090/public_html/backend.php on line 75
[21-Apr-2021 18:28:38 America/Argentina/Buenos_Aires] PHP Notice:  Undefined index: usuario in /home/c2181090/public_html/backend.php on line 8
[21-Apr-2021 18:28:38 America/Argentina/Buenos_Aires] PHP Notice:  Undefined index: close in /home/c2181090/public_html/backend.php on line 11
[21-Apr-2021 18:28:38 America/Argentina/Buenos_Aires] PHP Notice:  Undefined variable: company_details in /home/c2181090/public_html/backend/includes/admin_header.php on line 12
[21-Apr-2021 18:28:38 America/Argentina/Buenos_Aires] PHP Notice:  Trying to access array offset on value of type null in /home/c2181090/public_html/backend/includes/admin_header.php on line 12
[21-Apr-2021 18:28:38 America/Argentina/Buenos_Aires] PHP Notice:  Undefined variable: pagina in /home/c2181090/public_html/backend/includes/admin_header.php on line 25
[21-Apr-2021 18:28:38 America/Argentina/Buenos_Aires] PHP Notice:  Undefined variable: pagina in /home/c2181090/public_html/backend/includes/admin_header.php on line 26
[21-Apr-2021 18:28:38 America/Argentina/Buenos_Aires] PHP Notice:  Undefined variable: estado in /home/c2181090/public_html/backend/post.php on line 81
[21-Apr-2021 18:28:38 America/Argentina/Buenos_Aires] PHP Notice:  Undefined index: e in /home/c2181090/public_html/backend.php on line 75
[21-Apr-2021 18:28:44 America/Argentina/Buenos_Aires] PHP Notice:  Undefined index: usuario in /home/c2181090/public_html/backend.php on line 8
[21-Apr-2021 18:28:44 America/Argentina/Buenos_Aires] PHP Notice:  Undefined index: close in /home/c2181090/public_html/backend.php on line 11
[21-Apr-2021 18:28:44 America/Argentina/Buenos_Aires] PHP Notice:  Undefined variable: company_details in /home/c2181090/public_html/backend/includes/admin_header.php on line 12
[21-Apr-2021 18:28:44 America/Argentina/Buenos_Aires] PHP Notice:  Trying to access array offset on value of type null in /home/c2181090/public_html/backend/includes/admin_header.php on line 12
[21-Apr-2021 18:28:44 America/Argentina/Buenos_Aires] PHP Notice:  Undefined variable: pagina in /home/c2181090/public_html/backend/includes/admin_header.php on line 25
[21-Apr-2021 18:28:44 America/Argentina/Buenos_Aires] PHP Notice:  Undefined variable: pagina in /home/c2181090/public_html/backend/includes/admin_header.php on line 26
[21-Apr-2021 18:28:44 America/Argentina/Buenos_Aires] PHP Notice:  Undefined variable: idPost in /home/c2181090/public_html/backend/post.php on line 48
[21-Apr-2021 18:28:44 America/Argentina/Buenos_Aires] PHP Notice:  Undefined variable: estado in /home/c2181090/public_html/backend/post.php on line 81
[21-Apr-2021 18:28:44 America/Argentina/Buenos_Aires] PHP Notice:  Undefined index: e in /home/c2181090/public_html/backend.php on line 75
[21-Apr-2021 18:28:46 America/Argentina/Buenos_Aires] PHP Notice:  Undefined index: usuario in /home/c2181090/public_html/backend.php on line 8
[21-Apr-2021 18:28:46 America/Argentina/Buenos_Aires] PHP Notice:  Undefined index: close in /home/c2181090/public_html/backend.php on line 11
[21-Apr-2021 18:28:46 America/Argentina/Buenos_Aires] PHP Notice:  Undefined variable: company_details in /home/c2181090/public_html/backend/includes/admin_header.php on line 12
[21-Apr-2021 18:28:46 America/Argentina/Buenos_Aires] PHP Notice:  Trying to access array offset on value of type null in /home/c2181090/public_html/backend/includes/admin_header.php on line 12
[21-Apr-2021 18:28:46 America/Argentina/Buenos_Aires] PHP Notice:  Undefined variable: pagina in /home/c2181090/public_html/backend/includes/admin_header.php on line 25
[21-Apr-2021 18:28:46 America/Argentina/Buenos_Aires] PHP Notice:  Undefined variable: pagina in /home/c2181090/public_html/backend/includes/admin_header.php on line 26
[21-Apr-2021 18:28:46 America/Argentina/Buenos_Aires] PHP Notice:  Undefined variable: estado in /home/c2181090/public_html/backend/post.php on line 81
[21-Apr-2021 18:28:46 America/Argentina/Buenos_Aires] PHP Notice:  Undefined index: e in /home/c2181090/public_html/backend.php on line 75
[21-Apr-2021 18:28:51 America/Argentina/Buenos_Aires] PHP Notice:  Undefined index: usuario in /home/c2181090/public_html/backend.php on line 8
[21-Apr-2021 18:28:51 America/Argentina/Buenos_Aires] PHP Notice:  Undefined index: close in /home/c2181090/public_html/backend.php on line 11
[21-Apr-2021 18:28:51 America/Argentina/Buenos_Aires] PHP Notice:  Undefined variable: company_details in /home/c2181090/public_html/backend/includes/admin_header.php on line 12
[21-Apr-2021 18:28:51 America/Argentina/Buenos_Aires] PHP Notice:  Trying to access array offset on value of type null in /home/c2181090/public_html/backend/includes/admin_header.php on line 12
[21-Apr-2021 18:28:51 America/Argentina/Buenos_Aires] PHP Notice:  Undefined variable: pagina in /home/c2181090/public_html/backend/includes/admin_header.php on line 25
[21-Apr-2021 18:28:51 America/Argentina/Buenos_Aires] PHP Notice:  Undefined variable: pagina in /home/c2181090/public_html/backend/includes/admin_header.php on line 26
[21-Apr-2021 18:28:51 America/Argentina/Buenos_Aires] PHP Notice:  Undefined variable: idPost in /home/c2181090/public_html/backend/post.php on line 48
[21-Apr-2021 18:28:51 America/Argentina/Buenos_Aires] PHP Notice:  Undefined variable: estado in /home/c2181090/public_html/backend/post.php on line 81
[21-Apr-2021 18:28:51 America/Argentina/Buenos_Aires] PHP Notice:  Undefined index: e in /home/c2181090/public_html/backend.php on line 75
[21-Apr-2021 18:28:55 America/Argentina/Buenos_Aires] PHP Notice:  Undefined index: usuario in /home/c2181090/public_html/backend.php on line 8
[21-Apr-2021 18:28:55 America/Argentina/Buenos_Aires] PHP Notice:  Undefined index: close in /home/c2181090/public_html/backend.php on line 11
[21-Apr-2021 18:28:55 America/Argentina/Buenos_Aires] PHP Notice:  Undefined variable: company_details in /home/c2181090/public_html/backend/includes/admin_header.php on line 12
[21-Apr-2021 18:28:55 America/Argentina/Buenos_Aires] PHP Notice:  Trying to access array offset on value of type null in /home/c2181090/public_html/backend/includes/admin_header.php on line 12
[21-Apr-2021 18:28:55 America/Argentina/Buenos_Aires] PHP Notice:  Undefined variable: pagina in /home/c2181090/public_html/backend/includes/admin_header.php on line 25
[21-Apr-2021 18:28:55 America/Argentina/Buenos_Aires] PHP Notice:  Undefined variable: pagina in /home/c2181090/public_html/backend/includes/admin_header.php on line 26
[21-Apr-2021 18:28:55 America/Argentina/Buenos_Aires] PHP Notice:  Undefined variable: estado in /home/c2181090/public_html/backend/post.php on line 81
[21-Apr-2021 18:28:55 America/Argentina/Buenos_Aires] PHP Notice:  Undefined index: e in /home/c2181090/public_html/backend.php on line 75
[21-Apr-2021 18:29:01 America/Argentina/Buenos_Aires] PHP Notice:  Undefined index: usuario in /home/c2181090/public_html/backend.php on line 8
[21-Apr-2021 18:29:01 America/Argentina/Buenos_Aires] PHP Notice:  Undefined index: close in /home/c2181090/public_html/backend.php on line 11
[21-Apr-2021 18:29:01 America/Argentina/Buenos_Aires] PHP Notice:  Undefined variable: company_details in /home/c2181090/public_html/backend/includes/admin_header.php on line 12
[21-Apr-2021 18:29:01 America/Argentina/Buenos_Aires] PHP Notice:  Trying to access array offset on value of type null in /home/c2181090/public_html/backend/includes/admin_header.php on line 12
[21-Apr-2021 18:29:01 America/Argentina/Buenos_Aires] PHP Notice:  Undefined variable: pagina in /home/c2181090/public_html/backend/includes/admin_header.php on line 25
[21-Apr-2021 18:29:01 America/Argentina/Buenos_Aires] PHP Notice:  Undefined variable: pagina in /home/c2181090/public_html/backend/includes/admin_header.php on line 26
[21-Apr-2021 18:29:01 America/Argentina/Buenos_Aires] PHP Notice:  Undefined variable: idPost in /home/c2181090/public_html/backend/post.php on line 48
[21-Apr-2021 18:29:01 America/Argentina/Buenos_Aires] PHP Notice:  Undefined variable: estado in /home/c2181090/public_html/backend/post.php on line 81
[21-Apr-2021 18:29:01 America/Argentina/Buenos_Aires] PHP Notice:  Undefined index: e in /home/c2181090/public_html/backend.php on line 75
[21-Apr-2021 18:29:05 America/Argentina/Buenos_Aires] PHP Notice:  Undefined index: usuario in /home/c2181090/public_html/backend.php on line 8
[21-Apr-2021 18:29:05 America/Argentina/Buenos_Aires] PHP Notice:  Undefined index: close in /home/c2181090/public_html/backend.php on line 11
[21-Apr-2021 18:29:05 America/Argentina/Buenos_Aires] PHP Notice:  Undefined variable: company_details in /home/c2181090/public_html/backend/includes/admin_header.php on line 12
[21-Apr-2021 18:29:05 America/Argentina/Buenos_Aires] PHP Notice:  Trying to access array offset on value of type null in /home/c2181090/public_html/backend/includes/admin_header.php on line 12
[21-Apr-2021 18:29:05 America/Argentina/Buenos_Aires] PHP Notice:  Undefined variable: pagina in /home/c2181090/public_html/backend/includes/admin_header.php on line 25
[21-Apr-2021 18:29:05 America/Argentina/Buenos_Aires] PHP Notice:  Undefined variable: pagina in /home/c2181090/public_html/backend/includes/admin_header.php on line 26
[21-Apr-2021 18:29:05 America/Argentina/Buenos_Aires] PHP Notice:  Undefined variable: estado in /home/c2181090/public_html/backend/post.php on line 81
[21-Apr-2021 18:29:05 America/Argentina/Buenos_Aires] PHP Notice:  Undefined index: e in /home/c2181090/public_html/backend.php on line 75
[21-Apr-2021 18:29:10 America/Argentina/Buenos_Aires] PHP Notice:  Undefined index: usuario in /home/c2181090/public_html/backend.php on line 8
[21-Apr-2021 18:29:10 America/Argentina/Buenos_Aires] PHP Notice:  Undefined index: close in /home/c2181090/public_html/backend.php on line 11
[21-Apr-2021 18:29:10 America/Argentina/Buenos_Aires] PHP Notice:  Undefined variable: company_details in /home/c2181090/public_html/backend/includes/admin_header.php on line 12
[21-Apr-2021 18:29:10 America/Argentina/Buenos_Aires] PHP Notice:  Trying to access array offset on value of type null in /home/c2181090/public_html/backend/includes/admin_header.php on line 12
[21-Apr-2021 18:29:10 America/Argentina/Buenos_Aires] PHP Notice:  Undefined variable: pagina in /home/c2181090/public_html/backend/includes/admin_header.php on line 25
[21-Apr-2021 18:29:10 America/Argentina/Buenos_Aires] PHP Notice:  Undefined variable: pagina in /home/c2181090/public_html/backend/includes/admin_header.php on line 26
[21-Apr-2021 18:29:10 America/Argentina/Buenos_Aires] PHP Notice:  Undefined variable: idPost in /home/c2181090/public_html/backend/post.php on line 48
[21-Apr-2021 18:29:10 America/Argentina/Buenos_Aires] PHP Notice:  Undefined variable: estado in /home/c2181090/public_html/backend/post.php on line 81
[21-Apr-2021 18:29:10 America/Argentina/Buenos_Aires] PHP Notice:  Undefined index: e in /home/c2181090/public_html/backend.php on line 75
[21-Apr-2021 18:29:18 America/Argentina/Buenos_Aires] PHP Notice:  Undefined index: usuario in /home/c2181090/public_html/backend.php on line 8
[21-Apr-2021 18:29:18 America/Argentina/Buenos_Aires] PHP Notice:  Undefined index: close in /home/c2181090/public_html/backend.php on line 11
[21-Apr-2021 18:29:18 America/Argentina/Buenos_Aires] PHP Notice:  Undefined variable: company_details in /home/c2181090/public_html/backend/includes/admin_header.php on line 12
[21-Apr-2021 18:29:18 America/Argentina/Buenos_Aires] PHP Notice:  Trying to access array offset on value of type null in /home/c2181090/public_html/backend/includes/admin_header.php on line 12
[21-Apr-2021 18:29:18 America/Argentina/Buenos_Aires] PHP Notice:  Undefined variable: pagina in /home/c2181090/public_html/backend/includes/admin_header.php on line 25
[21-Apr-2021 18:29:18 America/Argentina/Buenos_Aires] PHP Notice:  Undefined variable: pagina in /home/c2181090/public_html/backend/includes/admin_header.php on line 26
[21-Apr-2021 18:29:18 America/Argentina/Buenos_Aires] PHP Notice:  Undefined index: action in /home/c2181090/public_html/backend/cancion.php on line 15
[21-Apr-2021 18:29:18 America/Argentina/Buenos_Aires] PHP Notice:  Undefined index: action in /home/c2181090/public_html/backend/cancion.php on line 31
[21-Apr-2021 18:29:18 America/Argentina/Buenos_Aires] PHP Notice:  Undefined index: action in /home/c2181090/public_html/backend/cancion.php on line 39
[21-Apr-2021 18:29:18 America/Argentina/Buenos_Aires] PHP Notice:  Undefined index: action in /home/c2181090/public_html/backend/cancion.php on line 58
[21-Apr-2021 18:29:18 America/Argentina/Buenos_Aires] PHP Notice:  Undefined index: action in /home/c2181090/public_html/backend/cancion.php on line 58
[21-Apr-2021 18:29:18 America/Argentina/Buenos_Aires] PHP Notice:  Undefined index: action in /home/c2181090/public_html/backend/cancion.php on line 74
[21-Apr-2021 18:29:18 America/Argentina/Buenos_Aires] PHP Notice:  Undefined index: action in /home/c2181090/public_html/backend/cancion.php on line 74
[21-Apr-2021 18:29:18 America/Argentina/Buenos_Aires] PHP Notice:  Undefined variable: estado in /home/c2181090/public_html/backend/cancion.php on line 81
[21-Apr-2021 18:29:18 America/Argentina/Buenos_Aires] PHP Notice:  Undefined variable: cancionDetails in /home/c2181090/public_html/backend/cancion.php on line 85
[21-Apr-2021 18:29:18 America/Argentina/Buenos_Aires] PHP Notice:  Trying to access array offset on value of type null in /home/c2181090/public_html/backend/cancion.php on line 85
[21-Apr-2021 18:29:18 America/Argentina/Buenos_Aires] PHP Notice:  Undefined variable: cancionDetails in /home/c2181090/public_html/backend/cancion.php on line 88
[21-Apr-2021 18:29:18 America/Argentina/Buenos_Aires] PHP Notice:  Trying to access array offset on value of type null in /home/c2181090/public_html/backend/cancion.php on line 88
[21-Apr-2021 18:29:18 America/Argentina/Buenos_Aires] PHP Notice:  Undefined variable: cancionDetails in /home/c2181090/public_html/backend/cancion.php on line 93
[21-Apr-2021 18:29:18 America/Argentina/Buenos_Aires] PHP Notice:  Trying to access array offset on value of type null in /home/c2181090/public_html/backend/cancion.php on line 93
[21-Apr-2021 18:29:18 America/Argentina/Buenos_Aires] PHP Notice:  Undefined variable: cancionDetails in /home/c2181090/public_html/backend/cancion.php on line 99
[21-Apr-2021 18:29:18 America/Argentina/Buenos_Aires] PHP Notice:  Trying to access array offset on value of type null in /home/c2181090/public_html/backend/cancion.php on line 99
[21-Apr-2021 18:29:18 America/Argentina/Buenos_Aires] PHP Notice:  Undefined variable: postDetails in /home/c2181090/public_html/backend/cancion.php on line 102
[21-Apr-2021 18:29:18 America/Argentina/Buenos_Aires] PHP Notice:  Trying to access array offset on value of type null in /home/c2181090/public_html/backend/cancion.php on line 102
[21-Apr-2021 18:29:18 America/Argentina/Buenos_Aires] PHP Notice:  Undefined index: action in /home/c2181090/public_html/backend/cancion.php on line 104
[21-Apr-2021 18:29:18 America/Argentina/Buenos_Aires] PHP Notice:  Undefined index: action in /home/c2181090/public_html/backend/cancion.php on line 104
[21-Apr-2021 18:29:18 America/Argentina/Buenos_Aires] PHP Notice:  Undefined index: e in /home/c2181090/public_html/backend.php on line 75
[21-Apr-2021 18:31:08 America/Argentina/Buenos_Aires] PHP Notice:  Undefined index: usuario in /home/c2181090/public_html/backend.php on line 8
[21-Apr-2021 18:31:08 America/Argentina/Buenos_Aires] PHP Notice:  Undefined index: close in /home/c2181090/public_html/backend.php on line 11
[21-Apr-2021 18:31:08 America/Argentina/Buenos_Aires] PHP Notice:  Undefined variable: company_details in /home/c2181090/public_html/backend/includes/admin_header.php on line 12
[21-Apr-2021 18:31:08 America/Argentina/Buenos_Aires] PHP Notice:  Trying to access array offset on value of type null in /home/c2181090/public_html/backend/includes/admin_header.php on line 12
[21-Apr-2021 18:31:08 America/Argentina/Buenos_Aires] PHP Notice:  Undefined variable: pagina in /home/c2181090/public_html/backend/includes/admin_header.php on line 25
[21-Apr-2021 18:31:08 America/Argentina/Buenos_Aires] PHP Notice:  Undefined variable: pagina in /home/c2181090/public_html/backend/includes/admin_header.php on line 26
[21-Apr-2021 18:31:08 America/Argentina/Buenos_Aires] PHP Notice:  Undefined variable: estado in /home/c2181090/public_html/backend/cancion.php on line 81
[21-Apr-2021 18:31:08 America/Argentina/Buenos_Aires] PHP Notice:  Undefined variable: cancionDetails in /home/c2181090/public_html/backend/cancion.php on line 85
[21-Apr-2021 18:31:08 America/Argentina/Buenos_Aires] PHP Notice:  Trying to access array offset on value of type null in /home/c2181090/public_html/backend/cancion.php on line 85
[21-Apr-2021 18:31:08 America/Argentina/Buenos_Aires] PHP Notice:  Undefined variable: cancionDetails in /home/c2181090/public_html/backend/cancion.php on line 88
[21-Apr-2021 18:31:08 America/Argentina/Buenos_Aires] PHP Notice:  Trying to access array offset on value of type null in /home/c2181090/public_html/backend/cancion.php on line 88
[21-Apr-2021 18:31:08 America/Argentina/Buenos_Aires] PHP Notice:  Undefined variable: cancionDetails in /home/c2181090/public_html/backend/cancion.php on line 93
[21-Apr-2021 18:31:08 America/Argentina/Buenos_Aires] PHP Notice:  Trying to access array offset on value of type null in /home/c2181090/public_html/backend/cancion.php on line 93
[21-Apr-2021 18:31:08 America/Argentina/Buenos_Aires] PHP Notice:  Undefined variable: cancionDetails in /home/c2181090/public_html/backend/cancion.php on line 99
[21-Apr-2021 18:31:08 America/Argentina/Buenos_Aires] PHP Notice:  Trying to access array offset on value of type null in /home/c2181090/public_html/backend/cancion.php on line 99
[21-Apr-2021 18:31:08 America/Argentina/Buenos_Aires] PHP Notice:  Undefined variable: postDetails in /home/c2181090/public_html/backend/cancion.php on line 102
[21-Apr-2021 18:31:08 America/Argentina/Buenos_Aires] PHP Notice:  Trying to access array offset on value of type null in /home/c2181090/public_html/backend/cancion.php on line 102
[21-Apr-2021 18:31:08 America/Argentina/Buenos_Aires] PHP Notice:  Undefined index: e in /home/c2181090/public_html/backend.php on line 75
[21-Apr-2021 18:31:52 America/Argentina/Buenos_Aires] PHP Notice:  Undefined index: usuario in /home/c2181090/public_html/backend.php on line 8
[21-Apr-2021 18:31:52 America/Argentina/Buenos_Aires] PHP Notice:  Undefined index: close in /home/c2181090/public_html/backend.php on line 11
[21-Apr-2021 18:31:52 America/Argentina/Buenos_Aires] PHP Notice:  Undefined variable: company_details in /home/c2181090/public_html/backend/includes/admin_header.php on line 12
[21-Apr-2021 18:31:52 America/Argentina/Buenos_Aires] PHP Notice:  Trying to access array offset on value of type null in /home/c2181090/public_html/backend/includes/admin_header.php on line 12
[21-Apr-2021 18:31:52 America/Argentina/Buenos_Aires] PHP Notice:  Undefined variable: pagina in /home/c2181090/public_html/backend/includes/admin_header.php on line 25
[21-Apr-2021 18:31:52 America/Argentina/Buenos_Aires] PHP Notice:  Undefined variable: pagina in /home/c2181090/public_html/backend/includes/admin_header.php on line 26
[21-Apr-2021 18:31:52 America/Argentina/Buenos_Aires] PHP Notice:  Undefined variable: estado in /home/c2181090/public_html/backend/cancion.php on line 81
[21-Apr-2021 18:31:52 America/Argentina/Buenos_Aires] PHP Notice:  Undefined variable: postDetails in /home/c2181090/public_html/backend/cancion.php on line 102
[21-Apr-2021 18:31:52 America/Argentina/Buenos_Aires] PHP Notice:  Trying to access array offset on value of type null in /home/c2181090/public_html/backend/cancion.php on line 102
[21-Apr-2021 18:31:52 America/Argentina/Buenos_Aires] PHP Notice:  Undefined index: e in /home/c2181090/public_html/backend.php on line 75
[21-Apr-2021 18:31:55 America/Argentina/Buenos_Aires] PHP Notice:  Undefined index: usuario in /home/c2181090/public_html/backend.php on line 8
[21-Apr-2021 18:31:55 America/Argentina/Buenos_Aires] PHP Notice:  Undefined index: close in /home/c2181090/public_html/backend.php on line 11
[21-Apr-2021 18:31:55 America/Argentina/Buenos_Aires] PHP Notice:  Undefined variable: company_details in /home/c2181090/public_html/backend/includes/admin_header.php on line 12
[21-Apr-2021 18:31:55 America/Argentina/Buenos_Aires] PHP Notice:  Trying to access array offset on value of type null in /home/c2181090/public_html/backend/includes/admin_header.php on line 12
[21-Apr-2021 18:31:55 America/Argentina/Buenos_Aires] PHP Notice:  Undefined variable: pagina in /home/c2181090/public_html/backend/includes/admin_header.php on line 25
[21-Apr-2021 18:31:55 America/Argentina/Buenos_Aires] PHP Notice:  Undefined variable: pagina in /home/c2181090/public_html/backend/includes/admin_header.php on line 26
[21-Apr-2021 18:31:55 America/Argentina/Buenos_Aires] PHP Notice:  Undefined variable: idCancion in /home/c2181090/public_html/backend/cancion.php on line 48
[21-Apr-2021 18:31:55 America/Argentina/Buenos_Aires] PHP Notice:  Undefined variable: estado in /home/c2181090/public_html/backend/cancion.php on line 81
[21-Apr-2021 18:31:55 America/Argentina/Buenos_Aires] PHP Notice:  Undefined variable: postDetails in /home/c2181090/public_html/backend/cancion.php on line 102
[21-Apr-2021 18:31:55 America/Argentina/Buenos_Aires] PHP Notice:  Trying to access array offset on value of type null in /home/c2181090/public_html/backend/cancion.php on line 102
[21-Apr-2021 18:31:55 America/Argentina/Buenos_Aires] PHP Notice:  Undefined index: e in /home/c2181090/public_html/backend.php on line 75
[21-Apr-2021 18:32:35 America/Argentina/Buenos_Aires] PHP Notice:  Undefined index: usuario in /home/c2181090/public_html/backend.php on line 8
[21-Apr-2021 18:32:35 America/Argentina/Buenos_Aires] PHP Notice:  Undefined index: close in /home/c2181090/public_html/backend.php on line 11
[21-Apr-2021 18:32:35 America/Argentina/Buenos_Aires] PHP Notice:  Undefined variable: company_details in /home/c2181090/public_html/backend/includes/admin_header.php on line 12
[21-Apr-2021 18:32:35 America/Argentina/Buenos_Aires] PHP Notice:  Trying to access array offset on value of type null in /home/c2181090/public_html/backend/includes/admin_header.php on line 12
[21-Apr-2021 18:32:35 America/Argentina/Buenos_Aires] PHP Notice:  Undefined variable: pagina in /home/c2181090/public_html/backend/includes/admin_header.php on line 25
[21-Apr-2021 18:32:35 America/Argentina/Buenos_Aires] PHP Notice:  Undefined variable: pagina in /home/c2181090/public_html/backend/includes/admin_header.php on line 26
[21-Apr-2021 18:32:35 America/Argentina/Buenos_Aires] PHP Notice:  Undefined index: action in /home/c2181090/public_html/backend/cancion.php on line 15
[21-Apr-2021 18:32:35 America/Argentina/Buenos_Aires] PHP Notice:  Undefined index: action in /home/c2181090/public_html/backend/cancion.php on line 31
[21-Apr-2021 18:32:35 America/Argentina/Buenos_Aires] PHP Notice:  Undefined index: action in /home/c2181090/public_html/backend/cancion.php on line 39
[21-Apr-2021 18:32:35 America/Argentina/Buenos_Aires] PHP Notice:  Undefined index: action in /home/c2181090/public_html/backend/cancion.php on line 58
[21-Apr-2021 18:32:35 America/Argentina/Buenos_Aires] PHP Notice:  Undefined index: action in /home/c2181090/public_html/backend/cancion.php on line 58
[21-Apr-2021 18:32:35 America/Argentina/Buenos_Aires] PHP Notice:  Undefined index: action in /home/c2181090/public_html/backend/cancion.php on line 74
[21-Apr-2021 18:32:35 America/Argentina/Buenos_Aires] PHP Notice:  Undefined index: action in /home/c2181090/public_html/backend/cancion.php on line 74
[21-Apr-2021 18:32:35 America/Argentina/Buenos_Aires] PHP Notice:  Undefined variable: estado in /home/c2181090/public_html/backend/cancion.php on line 81
[21-Apr-2021 18:32:35 America/Argentina/Buenos_Aires] PHP Notice:  Undefined variable: cancionDetails in /home/c2181090/public_html/backend/cancion.php on line 85
[21-Apr-2021 18:32:35 America/Argentina/Buenos_Aires] PHP Notice:  Trying to access array offset on value of type null in /home/c2181090/public_html/backend/cancion.php on line 85
[21-Apr-2021 18:32:35 America/Argentina/Buenos_Aires] PHP Notice:  Undefined variable: cancionDetails in /home/c2181090/public_html/backend/cancion.php on line 88
[21-Apr-2021 18:32:35 America/Argentina/Buenos_Aires] PHP Notice:  Trying to access array offset on value of type null in /home/c2181090/public_html/backend/cancion.php on line 88
[21-Apr-2021 18:32:35 America/Argentina/Buenos_Aires] PHP Notice:  Undefined variable: cancionDetails in /home/c2181090/public_html/backend/cancion.php on line 93
[21-Apr-2021 18:32:35 America/Argentina/Buenos_Aires] PHP Notice:  Trying to access array offset on value of type null in /home/c2181090/public_html/backend/cancion.php on line 93
[21-Apr-2021 18:32:35 America/Argentina/Buenos_Aires] PHP Notice:  Undefined variable: cancionDetails in /home/c2181090/public_html/backend/cancion.php on line 99
[21-Apr-2021 18:32:35 America/Argentina/Buenos_Aires] PHP Notice:  Trying to access array offset on value of type null in /home/c2181090/public_html/backend/cancion.php on line 99
[21-Apr-2021 18:32:35 America/Argentina/Buenos_Aires] PHP Notice:  Undefined variable: postDetails in /home/c2181090/public_html/backend/cancion.php on line 102
[21-Apr-2021 18:32:35 America/Argentina/Buenos_Aires] PHP Notice:  Trying to access array offset on value of type null in /home/c2181090/public_html/backend/cancion.php on line 102
[21-Apr-2021 18:32:35 America/Argentina/Buenos_Aires] PHP Notice:  Undefined index: action in /home/c2181090/public_html/backend/cancion.php on line 104
[21-Apr-2021 18:32:35 America/Argentina/Buenos_Aires] PHP Notice:  Undefined index: action in /home/c2181090/public_html/backend/cancion.php on line 104
[21-Apr-2021 18:32:35 America/Argentina/Buenos_Aires] PHP Notice:  Undefined index: e in /home/c2181090/public_html/backend.php on line 75
[21-Apr-2021 18:33:11 America/Argentina/Buenos_Aires] PHP Notice:  Undefined index: usuario in /home/c2181090/public_html/backend.php on line 8
[21-Apr-2021 18:33:11 America/Argentina/Buenos_Aires] PHP Notice:  Undefined index: close in /home/c2181090/public_html/backend.php on line 11
[21-Apr-2021 18:33:11 America/Argentina/Buenos_Aires] PHP Notice:  Undefined variable: company_details in /home/c2181090/public_html/backend/includes/admin_header.php on line 12
[21-Apr-2021 18:33:11 America/Argentina/Buenos_Aires] PHP Notice:  Trying to access array offset on value of type null in /home/c2181090/public_html/backend/includes/admin_header.php on line 12
[21-Apr-2021 18:33:11 America/Argentina/Buenos_Aires] PHP Notice:  Undefined variable: pagina in /home/c2181090/public_html/backend/includes/admin_header.php on line 25
[21-Apr-2021 18:33:11 America/Argentina/Buenos_Aires] PHP Notice:  Undefined variable: pagina in /home/c2181090/public_html/backend/includes/admin_header.php on line 26
[21-Apr-2021 18:33:11 America/Argentina/Buenos_Aires] PHP Notice:  Undefined variable: estado in /home/c2181090/public_html/backend/cancion.php on line 81
[21-Apr-2021 18:33:11 America/Argentina/Buenos_Aires] PHP Notice:  Undefined variable: cancionDetails in /home/c2181090/public_html/backend/cancion.php on line 85
[21-Apr-2021 18:33:11 America/Argentina/Buenos_Aires] PHP Notice:  Trying to access array offset on value of type null in /home/c2181090/public_html/backend/cancion.php on line 85
[21-Apr-2021 18:33:11 America/Argentina/Buenos_Aires] PHP Notice:  Undefined variable: cancionDetails in /home/c2181090/public_html/backend/cancion.php on line 88
[21-Apr-2021 18:33:11 America/Argentina/Buenos_Aires] PHP Notice:  Trying to access array offset on value of type null in /home/c2181090/public_html/backend/cancion.php on line 88
[21-Apr-2021 18:33:11 America/Argentina/Buenos_Aires] PHP Notice:  Undefined variable: cancionDetails in /home/c2181090/public_html/backend/cancion.php on line 93
[21-Apr-2021 18:33:11 America/Argentina/Buenos_Aires] PHP Notice:  Trying to access array offset on value of type null in /home/c2181090/public_html/backend/cancion.php on line 93
[21-Apr-2021 18:33:11 America/Argentina/Buenos_Aires] PHP Notice:  Undefined variable: cancionDetails in /home/c2181090/public_html/backend/cancion.php on line 99
[21-Apr-2021 18:33:11 America/Argentina/Buenos_Aires] PHP Notice:  Trying to access array offset on value of type null in /home/c2181090/public_html/backend/cancion.php on line 99
[21-Apr-2021 18:33:11 America/Argentina/Buenos_Aires] PHP Notice:  Undefined variable: postDetails in /home/c2181090/public_html/backend/cancion.php on line 102
[21-Apr-2021 18:33:11 America/Argentina/Buenos_Aires] PHP Notice:  Trying to access array offset on value of type null in /home/c2181090/public_html/backend/cancion.php on line 102
[21-Apr-2021 18:33:11 America/Argentina/Buenos_Aires] PHP Notice:  Undefined index: e in /home/c2181090/public_html/backend.php on line 75
[22-Apr-2021 13:02:01 America/Argentina/Buenos_Aires] PHP Notice:  Undefined index: usuario in /home/c2181090/public_html/backend.php on line 8
[22-Apr-2021 13:02:01 America/Argentina/Buenos_Aires] PHP Notice:  Undefined index: close in /home/c2181090/public_html/backend.php on line 11
[22-Apr-2021 13:02:01 America/Argentina/Buenos_Aires] PHP Notice:  Undefined index: admin in /home/c2181090/public_html/backend.php on line 48
[22-Apr-2021 13:02:01 America/Argentina/Buenos_Aires] PHP Notice:  Undefined index: e in /home/c2181090/public_html/backend.php on line 75
[22-Apr-2021 13:02:07 America/Argentina/Buenos_Aires] PHP Notice:  Undefined index: close in /home/c2181090/public_html/backend.php on line 11
[22-Apr-2021 13:02:07 America/Argentina/Buenos_Aires] PHP Notice:  Undefined variable: companiaDetails in /home/c2181090/public_html/backend/includes/admin_header.php on line 12
[22-Apr-2021 13:02:07 America/Argentina/Buenos_Aires] PHP Notice:  Trying to access array offset on value of type null in /home/c2181090/public_html/backend/includes/admin_header.php on line 12
[22-Apr-2021 13:02:07 America/Argentina/Buenos_Aires] PHP Notice:  Undefined variable: pagina in /home/c2181090/public_html/backend/includes/admin_header.php on line 25
[22-Apr-2021 13:02:07 America/Argentina/Buenos_Aires] PHP Notice:  Undefined variable: pagina in /home/c2181090/public_html/backend/includes/admin_header.php on line 26
[22-Apr-2021 13:02:07 America/Argentina/Buenos_Aires] PHP Notice:  Undefined index: action in /home/c2181090/public_html/backend/post.php on line 15
[22-Apr-2021 13:02:07 America/Argentina/Buenos_Aires] PHP Notice:  Undefined index: action in /home/c2181090/public_html/backend/post.php on line 31
[22-Apr-2021 13:02:07 America/Argentina/Buenos_Aires] PHP Notice:  Undefined index: action in /home/c2181090/public_html/backend/post.php on line 39
[22-Apr-2021 13:02:07 America/Argentina/Buenos_Aires] PHP Notice:  Undefined index: action in /home/c2181090/public_html/backend/post.php on line 58
[22-Apr-2021 13:02:07 America/Argentina/Buenos_Aires] PHP Notice:  Undefined index: action in /home/c2181090/public_html/backend/post.php on line 58
[22-Apr-2021 13:02:07 America/Argentina/Buenos_Aires] PHP Notice:  Undefined index: action in /home/c2181090/public_html/backend/post.php on line 74
[22-Apr-2021 13:02:07 America/Argentina/Buenos_Aires] PHP Notice:  Undefined index: action in /home/c2181090/public_html/backend/post.php on line 74
[22-Apr-2021 13:02:07 America/Argentina/Buenos_Aires] PHP Notice:  Undefined variable: estado in /home/c2181090/public_html/backend/post.php on line 81
[22-Apr-2021 13:02:07 America/Argentina/Buenos_Aires] PHP Notice:  Undefined variable: postDetails in /home/c2181090/public_html/backend/post.php on line 85
[22-Apr-2021 13:02:07 America/Argentina/Buenos_Aires] PHP Notice:  Trying to access array offset on value of type null in /home/c2181090/public_html/backend/post.php on line 85
[22-Apr-2021 13:02:07 America/Argentina/Buenos_Aires] PHP Notice:  Undefined variable: postDetails in /home/c2181090/public_html/backend/post.php on line 88
[22-Apr-2021 13:02:07 America/Argentina/Buenos_Aires] PHP Notice:  Trying to access array offset on value of type null in /home/c2181090/public_html/backend/post.php on line 88
[22-Apr-2021 13:02:07 America/Argentina/Buenos_Aires] PHP Notice:  Undefined variable: postDetails in /home/c2181090/public_html/backend/post.php on line 93
[22-Apr-2021 13:02:07 America/Argentina/Buenos_Aires] PHP Notice:  Trying to access array offset on value of type null in /home/c2181090/public_html/backend/post.php on line 93
[22-Apr-2021 13:02:07 America/Argentina/Buenos_Aires] PHP Notice:  Undefined variable: postDetails in /home/c2181090/public_html/backend/post.php on line 96
[22-Apr-2021 13:02:07 America/Argentina/Buenos_Aires] PHP Notice:  Trying to access array offset on value of type null in /home/c2181090/public_html/backend/post.php on line 96
[22-Apr-2021 13:02:07 America/Argentina/Buenos_Aires] PHP Notice:  Undefined variable: postDetails in /home/c2181090/public_html/backend/post.php on line 101
[22-Apr-2021 13:02:07 America/Argentina/Buenos_Aires] PHP Notice:  Trying to access array offset on value of type null in /home/c2181090/public_html/backend/post.php on line 101
[22-Apr-2021 13:02:07 America/Argentina/Buenos_Aires] PHP Notice:  Undefined variable: postDetails in /home/c2181090/public_html/backend/post.php on line 104
[22-Apr-2021 13:02:07 America/Argentina/Buenos_Aires] PHP Notice:  Trying to access array offset on value of type null in /home/c2181090/public_html/backend/post.php on line 104
[22-Apr-2021 13:02:07 America/Argentina/Buenos_Aires] PHP Notice:  Undefined index: action in /home/c2181090/public_html/backend/post.php on line 106
[22-Apr-2021 13:02:07 America/Argentina/Buenos_Aires] PHP Notice:  Undefined index: action in /home/c2181090/public_html/backend/post.php on line 106
[22-Apr-2021 13:02:07 America/Argentina/Buenos_Aires] PHP Notice:  Undefined index: e in /home/c2181090/public_html/backend.php on line 75
[22-Apr-2021 13:03:47 America/Argentina/Buenos_Aires] PHP Notice:  Undefined index: close in /home/c2181090/public_html/backend.php on line 11
[22-Apr-2021 13:03:47 America/Argentina/Buenos_Aires] PHP Notice:  Undefined variable: pagina in /home/c2181090/public_html/backend/includes/admin_header.php on line 25
[22-Apr-2021 13:03:47 America/Argentina/Buenos_Aires] PHP Notice:  Undefined variable: pagina in /home/c2181090/public_html/backend/includes/admin_header.php on line 26
[22-Apr-2021 13:03:47 America/Argentina/Buenos_Aires] PHP Notice:  Undefined index: action in /home/c2181090/public_html/backend/post.php on line 15
[22-Apr-2021 13:03:47 America/Argentina/Buenos_Aires] PHP Notice:  Undefined index: action in /home/c2181090/public_html/backend/post.php on line 31
[22-Apr-2021 13:03:47 America/Argentina/Buenos_Aires] PHP Notice:  Undefined index: action in /home/c2181090/public_html/backend/post.php on line 39
[22-Apr-2021 13:03:47 America/Argentina/Buenos_Aires] PHP Notice:  Undefined index: action in /home/c2181090/public_html/backend/post.php on line 58
[22-Apr-2021 13:03:47 America/Argentina/Buenos_Aires] PHP Notice:  Undefined index: action in /home/c2181090/public_html/backend/post.php on line 58
[22-Apr-2021 13:03:47 America/Argentina/Buenos_Aires] PHP Notice:  Undefined index: action in /home/c2181090/public_html/backend/post.php on line 74
[22-Apr-2021 13:03:47 America/Argentina/Buenos_Aires] PHP Notice:  Undefined index: action in /home/c2181090/public_html/backend/post.php on line 74
[22-Apr-2021 13:03:47 America/Argentina/Buenos_Aires] PHP Notice:  Undefined variable: estado in /home/c2181090/public_html/backend/post.php on line 81
[22-Apr-2021 13:03:47 America/Argentina/Buenos_Aires] PHP Notice:  Undefined variable: postDetails in /home/c2181090/public_html/backend/post.php on line 85
[22-Apr-2021 13:03:47 America/Argentina/Buenos_Aires] PHP Notice:  Trying to access array offset on value of type null in /home/c2181090/public_html/backend/post.php on line 85
[22-Apr-2021 13:03:47 America/Argentina/Buenos_Aires] PHP Notice:  Undefined variable: postDetails in /home/c2181090/public_html/backend/post.php on line 88
[22-Apr-2021 13:03:47 America/Argentina/Buenos_Aires] PHP Notice:  Trying to access array offset on value of type null in /home/c2181090/public_html/backend/post.php on line 88
[22-Apr-2021 13:03:47 America/Argentina/Buenos_Aires] PHP Notice:  Undefined variable: postDetails in /home/c2181090/public_html/backend/post.php on line 93
[22-Apr-2021 13:03:47 America/Argentina/Buenos_Aires] PHP Notice:  Trying to access array offset on value of type null in /home/c2181090/public_html/backend/post.php on line 93
[22-Apr-2021 13:03:47 America/Argentina/Buenos_Aires] PHP Notice:  Undefined variable: postDetails in /home/c2181090/public_html/backend/post.php on line 96
[22-Apr-2021 13:03:47 America/Argentina/Buenos_Aires] PHP Notice:  Trying to access array offset on value of type null in /home/c2181090/public_html/backend/post.php on line 96
[22-Apr-2021 13:03:47 America/Argentina/Buenos_Aires] PHP Notice:  Undefined variable: postDetails in /home/c2181090/public_html/backend/post.php on line 101
[22-Apr-2021 13:03:47 America/Argentina/Buenos_Aires] PHP Notice:  Trying to access array offset on value of type null in /home/c2181090/public_html/backend/post.php on line 101
[22-Apr-2021 13:03:47 America/Argentina/Buenos_Aires] PHP Notice:  Undefined variable: postDetails in /home/c2181090/public_html/backend/post.php on line 104
[22-Apr-2021 13:03:47 America/Argentina/Buenos_Aires] PHP Notice:  Trying to access array offset on value of type null in /home/c2181090/public_html/backend/post.php on line 104
[22-Apr-2021 13:03:47 America/Argentina/Buenos_Aires] PHP Notice:  Undefined index: action in /home/c2181090/public_html/backend/post.php on line 106
[22-Apr-2021 13:03:47 America/Argentina/Buenos_Aires] PHP Notice:  Undefined index: action in /home/c2181090/public_html/backend/post.php on line 106
[22-Apr-2021 13:03:47 America/Argentina/Buenos_Aires] PHP Notice:  Undefined index: e in /home/c2181090/public_html/backend.php on line 75
[23-Apr-2021 10:10:26 America/Argentina/Buenos_Aires] PHP Notice:  Undefined index: usuario in /home/c2181090/public_html/backend.php on line 8
[23-Apr-2021 10:10:26 America/Argentina/Buenos_Aires] PHP Notice:  Undefined index: close in /home/c2181090/public_html/backend.php on line 11
[23-Apr-2021 10:10:26 America/Argentina/Buenos_Aires] PHP Notice:  Undefined variable: pagina in /home/c2181090/public_html/backend/includes/admin_header.php on line 25
[23-Apr-2021 10:10:26 America/Argentina/Buenos_Aires] PHP Notice:  Undefined variable: pagina in /home/c2181090/public_html/backend/includes/admin_header.php on line 26
[23-Apr-2021 10:10:26 America/Argentina/Buenos_Aires] PHP Notice:  Undefined index: action in /home/c2181090/public_html/backend/cancion.php on line 15
[23-Apr-2021 10:10:26 America/Argentina/Buenos_Aires] PHP Notice:  Undefined index: action in /home/c2181090/public_html/backend/cancion.php on line 31
[23-Apr-2021 10:10:26 America/Argentina/Buenos_Aires] PHP Notice:  Undefined index: action in /home/c2181090/public_html/backend/cancion.php on line 39
[23-Apr-2021 10:10:26 America/Argentina/Buenos_Aires] PHP Notice:  Undefined index: action in /home/c2181090/public_html/backend/cancion.php on line 58
[23-Apr-2021 10:10:26 America/Argentina/Buenos_Aires] PHP Notice:  Undefined index: action in /home/c2181090/public_html/backend/cancion.php on line 58
[23-Apr-2021 10:10:26 America/Argentina/Buenos_Aires] PHP Notice:  Undefined index: action in /home/c2181090/public_html/backend/cancion.php on line 74
[23-Apr-2021 10:10:26 America/Argentina/Buenos_Aires] PHP Notice:  Undefined index: action in /home/c2181090/public_html/backend/cancion.php on line 74
[23-Apr-2021 10:10:26 America/Argentina/Buenos_Aires] PHP Notice:  Undefined variable: estado in /home/c2181090/public_html/backend/cancion.php on line 81
[23-Apr-2021 10:10:26 America/Argentina/Buenos_Aires] PHP Notice:  Undefined variable: cancionDetails in /home/c2181090/public_html/backend/cancion.php on line 85
[23-Apr-2021 10:10:26 America/Argentina/Buenos_Aires] PHP Notice:  Trying to access array offset on value of type null in /home/c2181090/public_html/backend/cancion.php on line 85
[23-Apr-2021 10:10:26 America/Argentina/Buenos_Aires] PHP Notice:  Undefined variable: cancionDetails in /home/c2181090/public_html/backend/cancion.php on line 88
[23-Apr-2021 10:10:26 America/Argentina/Buenos_Aires] PHP Notice:  Trying to access array offset on value of type null in /home/c2181090/public_html/backend/cancion.php on line 88
[23-Apr-2021 10:10:26 America/Argentina/Buenos_Aires] PHP Notice:  Undefined variable: cancionDetails in /home/c2181090/public_html/backend/cancion.php on line 93
[23-Apr-2021 10:10:26 America/Argentina/Buenos_Aires] PHP Notice:  Trying to access array offset on value of type null in /home/c2181090/public_html/backend/cancion.php on line 93
[23-Apr-2021 10:10:26 America/Argentina/Buenos_Aires] PHP Notice:  Undefined variable: cancionDetails in /home/c2181090/public_html/backend/cancion.php on line 99
[23-Apr-2021 10:10:26 America/Argentina/Buenos_Aires] PHP Notice:  Trying to access array offset on value of type null in /home/c2181090/public_html/backend/cancion.php on line 99
[23-Apr-2021 10:10:26 America/Argentina/Buenos_Aires] PHP Notice:  Undefined variable: postDetails in /home/c2181090/public_html/backend/cancion.php on line 102
[23-Apr-2021 10:10:26 America/Argentina/Buenos_Aires] PHP Notice:  Trying to access array offset on value of type null in /home/c2181090/public_html/backend/cancion.php on line 102
[23-Apr-2021 10:10:26 America/Argentina/Buenos_Aires] PHP Notice:  Undefined index: action in /home/c2181090/public_html/backend/cancion.php on line 104
[23-Apr-2021 10:10:26 America/Argentina/Buenos_Aires] PHP Notice:  Undefined index: action in /home/c2181090/public_html/backend/cancion.php on line 104
[23-Apr-2021 10:10:26 America/Argentina/Buenos_Aires] PHP Notice:  Undefined index: e in /home/c2181090/public_html/backend.php on line 75
[23-Apr-2021 10:14:45 America/Argentina/Buenos_Aires] PHP Notice:  Undefined index: usuario in /home/c2181090/public_html/backend.php on line 8
[23-Apr-2021 10:14:45 America/Argentina/Buenos_Aires] PHP Notice:  Undefined index: close in /home/c2181090/public_html/backend.php on line 11
[23-Apr-2021 10:14:45 America/Argentina/Buenos_Aires] PHP Notice:  Undefined variable: pagina in /home/c2181090/public_html/backend/includes/admin_header.php on line 25
[23-Apr-2021 10:14:45 America/Argentina/Buenos_Aires] PHP Notice:  Undefined variable: pagina in /home/c2181090/public_html/backend/includes/admin_header.php on line 26
[23-Apr-2021 10:14:45 America/Argentina/Buenos_Aires] PHP Notice:  Undefined variable: estado in /home/c2181090/public_html/backend/cancion.php on line 81
[23-Apr-2021 10:14:45 America/Argentina/Buenos_Aires] PHP Notice:  Undefined variable: cancionDetails in /home/c2181090/public_html/backend/cancion.php on line 85
[23-Apr-2021 10:14:45 America/Argentina/Buenos_Aires] PHP Notice:  Trying to access array offset on value of type null in /home/c2181090/public_html/backend/cancion.php on line 85
[23-Apr-2021 10:14:45 America/Argentina/Buenos_Aires] PHP Notice:  Undefined variable: cancionDetails in /home/c2181090/public_html/backend/cancion.php on line 88
[23-Apr-2021 10:14:45 America/Argentina/Buenos_Aires] PHP Notice:  Trying to access array offset on value of type null in /home/c2181090/public_html/backend/cancion.php on line 88
[23-Apr-2021 10:14:45 America/Argentina/Buenos_Aires] PHP Notice:  Undefined variable: cancionDetails in /home/c2181090/public_html/backend/cancion.php on line 93
[23-Apr-2021 10:14:45 America/Argentina/Buenos_Aires] PHP Notice:  Trying to access array offset on value of type null in /home/c2181090/public_html/backend/cancion.php on line 93
[23-Apr-2021 10:14:45 America/Argentina/Buenos_Aires] PHP Notice:  Undefined variable: cancionDetails in /home/c2181090/public_html/backend/cancion.php on line 99
[23-Apr-2021 10:14:45 America/Argentina/Buenos_Aires] PHP Notice:  Trying to access array offset on value of type null in /home/c2181090/public_html/backend/cancion.php on line 99
[23-Apr-2021 10:14:45 America/Argentina/Buenos_Aires] PHP Notice:  Undefined variable: postDetails in /home/c2181090/public_html/backend/cancion.php on line 102
[23-Apr-2021 10:14:45 America/Argentina/Buenos_Aires] PHP Notice:  Trying to access array offset on value of type null in /home/c2181090/public_html/backend/cancion.php on line 102
[23-Apr-2021 10:14:45 America/Argentina/Buenos_Aires] PHP Notice:  Undefined index: e in /home/c2181090/public_html/backend.php on line 75
[23-Apr-2021 10:37:25 America/Argentina/Buenos_Aires] PHP Notice:  Undefined index: usuario in /home/c2181090/public_html/backend.php on line 8
[23-Apr-2021 10:37:25 America/Argentina/Buenos_Aires] PHP Notice:  Undefined index: close in /home/c2181090/public_html/backend.php on line 11
[23-Apr-2021 10:37:25 America/Argentina/Buenos_Aires] PHP Notice:  Undefined variable: pagina in /home/c2181090/public_html/backend/includes/admin_header.php on line 25
[23-Apr-2021 10:37:25 America/Argentina/Buenos_Aires] PHP Notice:  Undefined variable: pagina in /home/c2181090/public_html/backend/includes/admin_header.php on line 26
[23-Apr-2021 10:37:25 America/Argentina/Buenos_Aires] PHP Notice:  Undefined index: action in /home/c2181090/public_html/backend/cancion.php on line 15
[23-Apr-2021 10:37:25 America/Argentina/Buenos_Aires] PHP Notice:  Undefined index: action in /home/c2181090/public_html/backend/cancion.php on line 31
[23-Apr-2021 10:37:25 America/Argentina/Buenos_Aires] PHP Notice:  Undefined index: action in /home/c2181090/public_html/backend/cancion.php on line 39
[23-Apr-2021 10:37:25 America/Argentina/Buenos_Aires] PHP Notice:  Undefined index: action in /home/c2181090/public_html/backend/cancion.php on line 58
[23-Apr-2021 10:37:25 America/Argentina/Buenos_Aires] PHP Notice:  Undefined index: action in /home/c2181090/public_html/backend/cancion.php on line 58
[23-Apr-2021 10:37:25 America/Argentina/Buenos_Aires] PHP Notice:  Undefined index: action in /home/c2181090/public_html/backend/cancion.php on line 74
[23-Apr-2021 10:37:25 America/Argentina/Buenos_Aires] PHP Notice:  Undefined index: action in /home/c2181090/public_html/backend/cancion.php on line 74
[23-Apr-2021 10:37:25 America/Argentina/Buenos_Aires] PHP Notice:  Undefined variable: estado in /home/c2181090/public_html/backend/cancion.php on line 81
[23-Apr-2021 10:37:25 America/Argentina/Buenos_Aires] PHP Notice:  Undefined variable: cancionDetails in /home/c2181090/public_html/backend/cancion.php on line 85
[23-Apr-2021 10:37:25 America/Argentina/Buenos_Aires] PHP Notice:  Trying to access array offset on value of type null in /home/c2181090/public_html/backend/cancion.php on line 85
[23-Apr-2021 10:37:25 America/Argentina/Buenos_Aires] PHP Notice:  Undefined variable: cancionDetails in /home/c2181090/public_html/backend/cancion.php on line 88
[23-Apr-2021 10:37:25 America/Argentina/Buenos_Aires] PHP Notice:  Trying to access array offset on value of type null in /home/c2181090/public_html/backend/cancion.php on line 88
[23-Apr-2021 10:37:25 America/Argentina/Buenos_Aires] PHP Notice:  Undefined variable: cancionDetails in /home/c2181090/public_html/backend/cancion.php on line 93
[23-Apr-2021 10:37:25 America/Argentina/Buenos_Aires] PHP Notice:  Trying to access array offset on value of type null in /home/c2181090/public_html/backend/cancion.php on line 93
[23-Apr-2021 10:37:25 America/Argentina/Buenos_Aires] PHP Notice:  Undefined variable: cancionDetails in /home/c2181090/public_html/backend/cancion.php on line 99
[23-Apr-2021 10:37:25 America/Argentina/Buenos_Aires] PHP Notice:  Trying to access array offset on value of type null in /home/c2181090/public_html/backend/cancion.php on line 99
[23-Apr-2021 10:37:25 America/Argentina/Buenos_Aires] PHP Notice:  Undefined variable: postDetails in /home/c2181090/public_html/backend/cancion.php on line 102
[23-Apr-2021 10:37:25 America/Argentina/Buenos_Aires] PHP Notice:  Trying to access array offset on value of type null in /home/c2181090/public_html/backend/cancion.php on line 102
[23-Apr-2021 10:37:25 America/Argentina/Buenos_Aires] PHP Notice:  Undefined index: action in /home/c2181090/public_html/backend/cancion.php on line 104
[23-Apr-2021 10:37:25 America/Argentina/Buenos_Aires] PHP Notice:  Undefined index: action in /home/c2181090/public_html/backend/cancion.php on line 104
[23-Apr-2021 10:37:25 America/Argentina/Buenos_Aires] PHP Notice:  Undefined index: e in /home/c2181090/public_html/backend.php on line 75
[23-Apr-2021 10:37:30 America/Argentina/Buenos_Aires] PHP Notice:  Undefined index: usuario in /home/c2181090/public_html/backend.php on line 8
[23-Apr-2021 10:37:30 America/Argentina/Buenos_Aires] PHP Notice:  Undefined index: close in /home/c2181090/public_html/backend.php on line 11
[23-Apr-2021 10:37:30 America/Argentina/Buenos_Aires] PHP Notice:  Undefined variable: pagina in /home/c2181090/public_html/backend/includes/admin_header.php on line 25
[23-Apr-2021 10:37:30 America/Argentina/Buenos_Aires] PHP Notice:  Undefined variable: pagina in /home/c2181090/public_html/backend/includes/admin_header.php on line 26
[23-Apr-2021 10:37:30 America/Argentina/Buenos_Aires] PHP Notice:  Undefined index: action in /home/c2181090/public_html/backend/compania.php on line 8
[23-Apr-2021 10:37:30 America/Argentina/Buenos_Aires] PHP Notice:  Undefined index: action in /home/c2181090/public_html/backend/compania.php on line 14
[23-Apr-2021 10:37:30 America/Argentina/Buenos_Aires] PHP Notice:  Undefined index: action in /home/c2181090/public_html/backend/compania.php on line 27
[23-Apr-2021 10:37:30 America/Argentina/Buenos_Aires] PHP Notice:  Undefined variable: estado in /home/c2181090/public_html/backend/compania.php on line 41
[23-Apr-2021 10:37:30 America/Argentina/Buenos_Aires] PHP Notice:  Undefined index: tipografia in /home/c2181090/public_html/backend/compania.php on line 66
[23-Apr-2021 10:37:30 America/Argentina/Buenos_Aires] PHP Notice:  Undefined index: color in /home/c2181090/public_html/backend/compania.php on line 69
[23-Apr-2021 10:37:30 America/Argentina/Buenos_Aires] PHP Notice:  Undefined index: emailSmtp in /home/c2181090/public_html/backend/compania.php on line 72
[23-Apr-2021 10:37:30 America/Argentina/Buenos_Aires] PHP Notice:  Undefined index: host in /home/c2181090/public_html/backend/compania.php on line 75
[23-Apr-2021 10:37:30 America/Argentina/Buenos_Aires] PHP Notice:  Undefined index: emailClave in /home/c2181090/public_html/backend/compania.php on line 78
[23-Apr-2021 10:37:30 America/Argentina/Buenos_Aires] PHP Notice:  Undefined index: mpkey in /home/c2181090/public_html/backend/compania.php on line 81
[23-Apr-2021 10:37:30 America/Argentina/Buenos_Aires] PHP Notice:  Undefined index: token in /home/c2181090/public_html/backend/compania.php on line 84
[23-Apr-2021 10:37:30 America/Argentina/Buenos_Aires] PHP Notice:  Undefined index: e in /home/c2181090/public_html/backend.php on line 75
[23-Apr-2021 10:37:34 America/Argentina/Buenos_Aires] PHP Notice:  Undefined index: usuario in /home/c2181090/public_html/backend.php on line 8
[23-Apr-2021 10:37:34 America/Argentina/Buenos_Aires] PHP Notice:  Undefined index: close in /home/c2181090/public_html/backend.php on line 11
[23-Apr-2021 10:37:34 America/Argentina/Buenos_Aires] PHP Notice:  Undefined variable: pagina in /home/c2181090/public_html/backend/includes/admin_header.php on line 25
[23-Apr-2021 10:37:34 America/Argentina/Buenos_Aires] PHP Notice:  Undefined variable: pagina in /home/c2181090/public_html/backend/includes/admin_header.php on line 26
[23-Apr-2021 10:37:35 America/Argentina/Buenos_Aires] PHP Notice:  Undefined variable: estado in /home/c2181090/public_html/backend/compania.php on line 41
[23-Apr-2021 10:37:35 America/Argentina/Buenos_Aires] PHP Notice:  Undefined index: tipografia in /home/c2181090/public_html/backend/compania.php on line 66
[23-Apr-2021 10:37:35 America/Argentina/Buenos_Aires] PHP Notice:  Undefined index: color in /home/c2181090/public_html/backend/compania.php on line 69
[23-Apr-2021 10:37:35 America/Argentina/Buenos_Aires] PHP Notice:  Undefined index: emailSmtp in /home/c2181090/public_html/backend/compania.php on line 72
[23-Apr-2021 10:37:35 America/Argentina/Buenos_Aires] PHP Notice:  Undefined index: host in /home/c2181090/public_html/backend/compania.php on line 75
[23-Apr-2021 10:37:35 America/Argentina/Buenos_Aires] PHP Notice:  Undefined index: emailClave in /home/c2181090/public_html/backend/compania.php on line 78
[23-Apr-2021 10:37:35 America/Argentina/Buenos_Aires] PHP Notice:  Undefined index: mpkey in /home/c2181090/public_html/backend/compania.php on line 81
[23-Apr-2021 10:37:35 America/Argentina/Buenos_Aires] PHP Notice:  Undefined index: token in /home/c2181090/public_html/backend/compania.php on line 84
[23-Apr-2021 10:37:35 America/Argentina/Buenos_Aires] PHP Notice:  Undefined index: e in /home/c2181090/public_html/backend.php on line 75
